<?xml version="1.0" encoding="UTF-8"?>
<testsuite name="com.viewnext.hellofinal.HelloFinalApplicationTests" tests="1" skipped="0" failures="0" errors="0" timestamp="2021-08-12T21:49:22" hostname="ubuntu" time="0.971">
  <properties/>
  <testcase name="contextLoads()" classname="com.viewnext.hellofinal.HelloFinalApplicationTests" time="0.971"/>
  <system-out><![CDATA[23:49:10.094 [Test worker] DEBUG org.springframework.test.context.BootstrapUtils - Instantiating CacheAwareContextLoaderDelegate from class [org.springframework.test.context.cache.DefaultCacheAwareContextLoaderDelegate]
23:49:10.176 [Test worker] DEBUG org.springframework.test.context.BootstrapUtils - Instantiating BootstrapContext using constructor [public org.springframework.test.context.support.DefaultBootstrapContext(java.lang.Class,org.springframework.test.context.CacheAwareContextLoaderDelegate)]
23:49:10.355 [Test worker] DEBUG org.springframework.test.context.BootstrapUtils - Instantiating TestContextBootstrapper for test class [com.viewnext.hellofinal.HelloFinalApplicationTests] from class [org.springframework.boot.test.context.SpringBootTestContextBootstrapper]
23:49:10.393 [Test worker] INFO org.springframework.boot.test.context.SpringBootTestContextBootstrapper - Neither @ContextConfiguration nor @ContextHierarchy found for test class [com.viewnext.hellofinal.HelloFinalApplicationTests], using SpringBootContextLoader
23:49:10.412 [Test worker] DEBUG org.springframework.test.context.support.AbstractContextLoader - Did not detect default resource location for test class [com.viewnext.hellofinal.HelloFinalApplicationTests]: class path resource [com/viewnext/hellofinal/HelloFinalApplicationTests-context.xml] does not exist
23:49:10.414 [Test worker] DEBUG org.springframework.test.context.support.AbstractContextLoader - Did not detect default resource location for test class [com.viewnext.hellofinal.HelloFinalApplicationTests]: class path resource [com/viewnext/hellofinal/HelloFinalApplicationTestsContext.groovy] does not exist
23:49:10.415 [Test worker] INFO org.springframework.test.context.support.AbstractContextLoader - Could not detect default resource locations for test class [com.viewnext.hellofinal.HelloFinalApplicationTests]: no resource found for suffixes {-context.xml, Context.groovy}.
23:49:10.418 [Test worker] INFO org.springframework.test.context.support.AnnotationConfigContextLoaderUtils - Could not detect default configuration classes for test class [com.viewnext.hellofinal.HelloFinalApplicationTests]: HelloFinalApplicationTests does not declare any static, non-private, non-final, nested classes annotated with @Configuration.
23:49:10.559 [Test worker] DEBUG org.springframework.test.context.support.ActiveProfilesUtils - Could not find an 'annotation declaring class' for annotation type [org.springframework.test.context.ActiveProfiles] and class [com.viewnext.hellofinal.HelloFinalApplicationTests]
23:49:10.839 [Test worker] DEBUG org.springframework.context.annotation.ClassPathScanningCandidateComponentProvider - Identified candidate component class: file [/home/viewadmin/hello-final/build/classes/java/main/com/viewnext/hellofinal/HelloFinalApplication.class]
23:49:10.842 [Test worker] INFO org.springframework.boot.test.context.SpringBootTestContextBootstrapper - Found @SpringBootConfiguration com.viewnext.hellofinal.HelloFinalApplication for test class com.viewnext.hellofinal.HelloFinalApplicationTests
23:49:11.325 [Test worker] DEBUG org.springframework.boot.test.context.SpringBootTestContextBootstrapper - @TestExecutionListeners is not present for class [com.viewnext.hellofinal.HelloFinalApplicationTests]: using defaults.
23:49:11.327 [Test worker] INFO org.springframework.boot.test.context.SpringBootTestContextBootstrapper - Loaded default TestExecutionListener class names from location [META-INF/spring.factories]: [org.springframework.boot.test.autoconfigure.restdocs.RestDocsTestExecutionListener, org.springframework.boot.test.autoconfigure.web.client.MockRestServiceServerResetTestExecutionListener, org.springframework.boot.test.autoconfigure.web.servlet.MockMvcPrintOnlyOnFailureTestExecutionListener, org.springframework.boot.test.autoconfigure.web.servlet.WebDriverTestExecutionListener, org.springframework.boot.test.autoconfigure.webservices.client.MockWebServiceServerTestExecutionListener, org.springframework.boot.test.mock.mockito.MockitoTestExecutionListener, org.springframework.boot.test.mock.mockito.ResetMocksTestExecutionListener, org.springframework.test.context.web.ServletTestExecutionListener, org.springframework.test.context.support.DirtiesContextBeforeModesTestExecutionListener, org.springframework.test.context.event.ApplicationEventsTestExecutionListener, org.springframework.test.context.support.DependencyInjectionTestExecutionListener, org.springframework.test.context.support.DirtiesContextTestExecutionListener, org.springframework.test.context.transaction.TransactionalTestExecutionListener, org.springframework.test.context.jdbc.SqlScriptsTestExecutionListener, org.springframework.test.context.event.EventPublishingTestExecutionListener]
23:49:11.385 [Test worker] DEBUG org.springframework.boot.test.context.SpringBootTestContextBootstrapper - Skipping candidate TestExecutionListener [org.springframework.test.context.transaction.TransactionalTestExecutionListener] due to a missing dependency. Specify custom listener classes or make the default listener classes and their required dependencies available. Offending class: [org/springframework/transaction/interceptor/TransactionAttributeSource]
23:49:11.386 [Test worker] DEBUG org.springframework.boot.test.context.SpringBootTestContextBootstrapper - Skipping candidate TestExecutionListener [org.springframework.test.context.jdbc.SqlScriptsTestExecutionListener] due to a missing dependency. Specify custom listener classes or make the default listener classes and their required dependencies available. Offending class: [org/springframework/transaction/interceptor/TransactionAttribute]
23:49:11.387 [Test worker] INFO org.springframework.boot.test.context.SpringBootTestContextBootstrapper - Using TestExecutionListeners: [org.springframework.test.context.web.ServletTestExecutionListener@7159936b, org.springframework.test.context.support.DirtiesContextBeforeModesTestExecutionListener@376f1dbd, org.springframework.test.context.event.ApplicationEventsTestExecutionListener@1b49fb32, org.springframework.boot.test.mock.mockito.MockitoTestExecutionListener@3715f1c8, org.springframework.boot.test.autoconfigure.SpringBootDependencyInjectionTestExecutionListener@a6afe8a, org.springframework.test.context.support.DirtiesContextTestExecutionListener@4527988f, org.springframework.test.context.event.EventPublishingTestExecutionListener@11636b72, org.springframework.boot.test.autoconfigure.restdocs.RestDocsTestExecutionListener@9605327, org.springframework.boot.test.autoconfigure.web.client.MockRestServiceServerResetTestExecutionListener@5423622f, org.springframework.boot.test.autoconfigure.web.servlet.MockMvcPrintOnlyOnFailureTestExecutionListener@2db97bc4, org.springframework.boot.test.autoconfigure.web.servlet.WebDriverTestExecutionListener@270badfa, org.springframework.boot.test.autoconfigure.webservices.client.MockWebServiceServerTestExecutionListener@2cf93b57, org.springframework.boot.test.mock.mockito.ResetMocksTestExecutionListener@630416fd]
23:49:11.399 [Test worker] DEBUG org.springframework.test.context.support.AbstractDirtiesContextTestExecutionListener - Before test class: context [DefaultTestContext@521491af testClass = HelloFinalApplicationTests, testInstance = [null], testMethod = [null], testException = [null], mergedContextConfiguration = [WebMergedContextConfiguration@57fb7ab7 testClass = HelloFinalApplicationTests, locations = '{}', classes = '{class com.viewnext.hellofinal.HelloFinalApplication}', contextInitializerClasses = '[]', activeProfiles = '{}', propertySourceLocations = '{}', propertySourceProperties = '{org.springframework.boot.test.context.SpringBootTestContextBootstrapper=true}', contextCustomizers = set[org.springframework.boot.test.autoconfigure.actuate.metrics.MetricsExportContextCustomizerFactory$DisableMetricExportContextCustomizer@5152afc4, org.springframework.boot.test.autoconfigure.properties.PropertyMappingContextCustomizer@0, org.springframework.boot.test.autoconfigure.web.servlet.WebDriverContextCustomizerFactory$Customizer@4f2409b7, org.springframework.boot.test.context.filter.ExcludeFilterContextCustomizer@2e51a032, org.springframework.boot.test.json.DuplicateJsonObjectContextCustomizerFactory$DuplicateJsonObjectContextCustomizer@76a38724, org.springframework.boot.test.mock.mockito.MockitoContextCustomizer@0, org.springframework.boot.test.web.client.TestRestTemplateContextCustomizer@1f92c305, org.springframework.boot.test.context.SpringBootTestArgs@1, org.springframework.boot.test.context.SpringBootTestWebEnvironment@7feb46e8], resourceBasePath = 'src/main/webapp', contextLoader = 'org.springframework.boot.test.context.SpringBootContextLoader', parent = [null]], attributes = map['org.springframework.test.context.web.ServletTestExecutionListener.activateListener' -> true]], class annotated with @DirtiesContext [false] with mode [null].
23:49:11.531 [Test worker] DEBUG org.springframework.test.context.support.TestPropertySourceUtils - Adding inlined properties to environment: {spring.jmx.enabled=false, org.springframework.boot.test.context.SpringBootTestContextBootstrapper=true}

  .   ____          _            __ _ _
 /\\ / ___'_ __ _ _(_)_ __  __ _ \ \ \ \
( ( )\___ | '_ | '_| | '_ \/ _` | \ \ \ \
 \\/  ___)| |_)| | | | | || (_| |  ) ) ) )
  '  |____| .__|_| |_|_| |_\__, | / / / /
 =========|_|==============|___/=/_/_/_/
 :: Spring Boot ::                (v2.5.3)

2021-08-12 23:49:13.434  INFO 824402 --- [    Test worker] c.v.h.HelloFinalApplicationTests         : Starting HelloFinalApplicationTests using Java 11.0.11 on ubuntu with PID 824402 (started by viewadmin in /home/viewadmin/hello-final)
2021-08-12 23:49:13.458  INFO 824402 --- [    Test worker] c.v.h.HelloFinalApplicationTests         : No active profile set, falling back to default profiles: default
2021-08-12 23:49:22.292  INFO 824402 --- [    Test worker] c.v.h.HelloFinalApplicationTests         : Started HelloFinalApplicationTests in 10.736 seconds (JVM running for 21.065)
]]></system-out>
  <system-err><![CDATA[]]></system-err>
</testsuite>
