<?xml version="1.0" encoding="UTF-8"?>
<testsuite name="com.viewnext.hellofinal.HelloFinalApplicationTests" tests="1" skipped="0" failures="0" errors="0" timestamp="2021-08-12T19:29:42" hostname="ubuntu" time="1.028">
  <properties/>
  <testcase name="contextLoads()" classname="com.viewnext.hellofinal.HelloFinalApplicationTests" time="1.028"/>
  <system-out><![CDATA[21:29:32.480 [Test worker] DEBUG org.springframework.test.context.BootstrapUtils - Instantiating CacheAwareContextLoaderDelegate from class [org.springframework.test.context.cache.DefaultCacheAwareContextLoaderDelegate]
21:29:32.544 [Test worker] DEBUG org.springframework.test.context.BootstrapUtils - Instantiating BootstrapContext using constructor [public org.springframework.test.context.support.DefaultBootstrapContext(java.lang.Class,org.springframework.test.context.CacheAwareContextLoaderDelegate)]
21:29:32.741 [Test worker] DEBUG org.springframework.test.context.BootstrapUtils - Instantiating TestContextBootstrapper for test class [com.viewnext.hellofinal.HelloFinalApplicationTests] from class [org.springframework.boot.test.context.SpringBootTestContextBootstrapper]
21:29:32.790 [Test worker] INFO org.springframework.boot.test.context.SpringBootTestContextBootstrapper - Neither @ContextConfiguration nor @ContextHierarchy found for test class [com.viewnext.hellofinal.HelloFinalApplicationTests], using SpringBootContextLoader
21:29:32.809 [Test worker] DEBUG org.springframework.test.context.support.AbstractContextLoader - Did not detect default resource location for test class [com.viewnext.hellofinal.HelloFinalApplicationTests]: class path resource [com/viewnext/hellofinal/HelloFinalApplicationTests-context.xml] does not exist
21:29:32.810 [Test worker] DEBUG org.springframework.test.context.support.AbstractContextLoader - Did not detect default resource location for test class [com.viewnext.hellofinal.HelloFinalApplicationTests]: class path resource [com/viewnext/hellofinal/HelloFinalApplicationTestsContext.groovy] does not exist
21:29:32.811 [Test worker] INFO org.springframework.test.context.support.AbstractContextLoader - Could not detect default resource locations for test class [com.viewnext.hellofinal.HelloFinalApplicationTests]: no resource found for suffixes {-context.xml, Context.groovy}.
21:29:32.814 [Test worker] INFO org.springframework.test.context.support.AnnotationConfigContextLoaderUtils - Could not detect default configuration classes for test class [com.viewnext.hellofinal.HelloFinalApplicationTests]: HelloFinalApplicationTests does not declare any static, non-private, non-final, nested classes annotated with @Configuration.
21:29:33.102 [Test worker] DEBUG org.springframework.test.context.support.ActiveProfilesUtils - Could not find an 'annotation declaring class' for annotation type [org.springframework.test.context.ActiveProfiles] and class [com.viewnext.hellofinal.HelloFinalApplicationTests]
21:29:33.580 [Test worker] DEBUG org.springframework.context.annotation.ClassPathScanningCandidateComponentProvider - Identified candidate component class: file [/home/viewadmin/hello-final/build/classes/java/main/com/viewnext/hellofinal/HelloFinalApplication.class]
21:29:33.582 [Test worker] INFO org.springframework.boot.test.context.SpringBootTestContextBootstrapper - Found @SpringBootConfiguration com.viewnext.hellofinal.HelloFinalApplication for test class com.viewnext.hellofinal.HelloFinalApplicationTests
21:29:34.032 [Test worker] DEBUG org.springframework.boot.test.context.SpringBootTestContextBootstrapper - @TestExecutionListeners is not present for class [com.viewnext.hellofinal.HelloFinalApplicationTests]: using defaults.
21:29:34.035 [Test worker] INFO org.springframework.boot.test.context.SpringBootTestContextBootstrapper - Loaded default TestExecutionListener class names from location [META-INF/spring.factories]: [org.springframework.boot.test.autoconfigure.restdocs.RestDocsTestExecutionListener, org.springframework.boot.test.autoconfigure.web.client.MockRestServiceServerResetTestExecutionListener, org.springframework.boot.test.autoconfigure.web.servlet.MockMvcPrintOnlyOnFailureTestExecutionListener, org.springframework.boot.test.autoconfigure.web.servlet.WebDriverTestExecutionListener, org.springframework.boot.test.autoconfigure.webservices.client.MockWebServiceServerTestExecutionListener, org.springframework.boot.test.mock.mockito.MockitoTestExecutionListener, org.springframework.boot.test.mock.mockito.ResetMocksTestExecutionListener, org.springframework.test.context.web.ServletTestExecutionListener, org.springframework.test.context.support.DirtiesContextBeforeModesTestExecutionListener, org.springframework.test.context.event.ApplicationEventsTestExecutionListener, org.springframework.test.context.support.DependencyInjectionTestExecutionListener, org.springframework.test.context.support.DirtiesContextTestExecutionListener, org.springframework.test.context.transaction.TransactionalTestExecutionListener, org.springframework.test.context.jdbc.SqlScriptsTestExecutionListener, org.springframework.test.context.event.EventPublishingTestExecutionListener]
21:29:34.099 [Test worker] DEBUG org.springframework.boot.test.context.SpringBootTestContextBootstrapper - Skipping candidate TestExecutionListener [org.springframework.test.context.transaction.TransactionalTestExecutionListener] due to a missing dependency. Specify custom listener classes or make the default listener classes and their required dependencies available. Offending class: [org/springframework/transaction/interceptor/TransactionAttributeSource]
21:29:34.101 [Test worker] DEBUG org.springframework.boot.test.context.SpringBootTestContextBootstrapper - Skipping candidate TestExecutionListener [org.springframework.test.context.jdbc.SqlScriptsTestExecutionListener] due to a missing dependency. Specify custom listener classes or make the default listener classes and their required dependencies available. Offending class: [org/springframework/transaction/interceptor/TransactionAttribute]
21:29:34.102 [Test worker] INFO org.springframework.boot.test.context.SpringBootTestContextBootstrapper - Using TestExecutionListeners: [org.springframework.test.context.web.ServletTestExecutionListener@782baabc, org.springframework.test.context.support.DirtiesContextBeforeModesTestExecutionListener@2ce5d6a, org.springframework.test.context.event.ApplicationEventsTestExecutionListener@70689f06, org.springframework.boot.test.mock.mockito.MockitoTestExecutionListener@50efb55b, org.springframework.boot.test.autoconfigure.SpringBootDependencyInjectionTestExecutionListener@75348bb0, org.springframework.test.context.support.DirtiesContextTestExecutionListener@5e1bd71, org.springframework.test.context.event.EventPublishingTestExecutionListener@31c58264, org.springframework.boot.test.autoconfigure.restdocs.RestDocsTestExecutionListener@1cadbc6a, org.springframework.boot.test.autoconfigure.web.client.MockRestServiceServerResetTestExecutionListener@4d95cd44, org.springframework.boot.test.autoconfigure.web.servlet.MockMvcPrintOnlyOnFailureTestExecutionListener@4597ebb2, org.springframework.boot.test.autoconfigure.web.servlet.WebDriverTestExecutionListener@58dc87c6, org.springframework.boot.test.autoconfigure.webservices.client.MockWebServiceServerTestExecutionListener@29632e5b, org.springframework.boot.test.mock.mockito.ResetMocksTestExecutionListener@4aff29de]
21:29:34.114 [Test worker] DEBUG org.springframework.test.context.support.AbstractDirtiesContextTestExecutionListener - Before test class: context [DefaultTestContext@18cbd03e testClass = HelloFinalApplicationTests, testInstance = [null], testMethod = [null], testException = [null], mergedContextConfiguration = [WebMergedContextConfiguration@6321c2ea testClass = HelloFinalApplicationTests, locations = '{}', classes = '{class com.viewnext.hellofinal.HelloFinalApplication}', contextInitializerClasses = '[]', activeProfiles = '{}', propertySourceLocations = '{}', propertySourceProperties = '{org.springframework.boot.test.context.SpringBootTestContextBootstrapper=true}', contextCustomizers = set[org.springframework.boot.test.autoconfigure.actuate.metrics.MetricsExportContextCustomizerFactory$DisableMetricExportContextCustomizer@789453b4, org.springframework.boot.test.autoconfigure.properties.PropertyMappingContextCustomizer@0, org.springframework.boot.test.autoconfigure.web.servlet.WebDriverContextCustomizerFactory$Customizer@146d1711, org.springframework.boot.test.context.filter.ExcludeFilterContextCustomizer@221bdf72, org.springframework.boot.test.json.DuplicateJsonObjectContextCustomizerFactory$DuplicateJsonObjectContextCustomizer@78dac670, org.springframework.boot.test.mock.mockito.MockitoContextCustomizer@0, org.springframework.boot.test.web.client.TestRestTemplateContextCustomizer@57370448, org.springframework.boot.test.context.SpringBootTestArgs@1, org.springframework.boot.test.context.SpringBootTestWebEnvironment@1df6342d], resourceBasePath = 'src/main/webapp', contextLoader = 'org.springframework.boot.test.context.SpringBootContextLoader', parent = [null]], attributes = map['org.springframework.test.context.web.ServletTestExecutionListener.activateListener' -> true]], class annotated with @DirtiesContext [false] with mode [null].
21:29:34.263 [Test worker] DEBUG org.springframework.test.context.support.TestPropertySourceUtils - Adding inlined properties to environment: {spring.jmx.enabled=false, org.springframework.boot.test.context.SpringBootTestContextBootstrapper=true}

  .   ____          _            __ _ _
 /\\ / ___'_ __ _ _(_)_ __  __ _ \ \ \ \
( ( )\___ | '_ | '_| | '_ \/ _` | \ \ \ \
 \\/  ___)| |_)| | | | | || (_| |  ) ) ) )
  '  |____| .__|_| |_|_| |_\__, | / / / /
 =========|_|==============|___/=/_/_/_/
 :: Spring Boot ::                (v2.5.3)

2021-08-12 21:29:36.057  INFO 771499 --- [    Test worker] c.v.h.HelloFinalApplicationTests         : Starting HelloFinalApplicationTests using Java 11.0.11 on ubuntu with PID 771499 (started by viewadmin in /home/viewadmin/hello-final)
2021-08-12 21:29:36.075  INFO 771499 --- [    Test worker] c.v.h.HelloFinalApplicationTests         : No active profile set, falling back to default profiles: default
2021-08-12 21:29:42.214  INFO 771499 --- [    Test worker] c.v.h.HelloFinalApplicationTests         : Started HelloFinalApplicationTests in 7.921 seconds (JVM running for 14.209)
]]></system-out>
  <system-err><![CDATA[]]></system-err>
</testsuite>
